START 2026-06-17 22:31:33 job=22688 task=8 CVD=0
0, NVIDIA A100-PCIE-40GB, 0 MiB, 7 %
Loading token model from /home/nikolenko/work/Projects/FRIGID/token_models/models/best_ngboost_MSG.joblib
Detected NGBoost model - will use sigma-based sampling
Loaded 14 features from /home/nikolenko/work/Projects/FRIGID/token_models/models/best_ngboost_MSG_features.json
Using device: cuda

Loading test split...
Loaded 500 total spectra-molecule pairs
Using 500 samples from test split

Loading MIST encoder from: repro_cache/mist_msg.pt
✓ Loaded MIST encoder weights

Loading DLM decoder from: repro_cache/DLM.ckpt
Using SHARED cross-attention mode
[load_model] Removed 120 fingerprint_conditioner.cross_attention_layers keys for shared mode
[DLM] Loading checkpoint with missing buffers (safe to skip): {'token_atom_counts'}
[Sampler] Warning: data/len.pk not found. Using default length range.
✓ Fingerprint conditioning: ENABLED
✓ Formula conditioning: ENABLED
Cross-attention mode: SHARED

======================================================================
SPEC2MOL BENCHMARK
======================================================================
Total spectra: 500
Formula matches required: 10
Max attempts: 100
Batch size: 16
Temperature: 1.0
Randomness: 10.0
FP threshold: 0.187
======================================================================


Saved aggregate statistics to: /home/nikolenko/work/Projects/FRIGID/repro_runs/20260616T203000Z_msg_paper_repro/msg_base_full_ngboost/shard_outputs/shard_008/aggregate_statistics.json
Saved detailed results to: /home/nikolenko/work/Projects/FRIGID/repro_runs/20260616T203000Z_msg_paper_repro/msg_base_full_ngboost/shard_outputs/shard_008/detailed_results.csv
Saved predictions to: /home/nikolenko/work/Projects/FRIGID/repro_runs/20260616T203000Z_msg_paper_repro/msg_base_full_ngboost/shard_outputs/shard_008/predictions.csv

======================================================================
BENCHMARK SUMMARY
======================================================================

Total spectra: 500
Time: 13726.8s
Speed: 0.04 spectra/s

--- Generation Timing ---
Time in generation functions: 13642.2s
Percentage of total time: 99.4%

--- MIST Encoder Quality ---
Mean Tanimoto (pred vs GT FP): 0.4810

--- Core Metrics ---
Exact Match Top-1: 4.60%
Exact Match Top-10: 4.80%
Tanimoto Top-1: 0.3844
Tanimoto Top-10: 0.4072

--- Formula Matching ---
Success rate: 87.80%
Never matched: 12.20%
Avg actual formula matches: 6.9
Avg predictions collected (incl. padding): 10.0
Avg generations: 88.9
Avg attempts per match (successful only): 23.4
======================================================================

Results saved to: /home/nikolenko/work/Projects/FRIGID/repro_runs/20260616T203000Z_msg_paper_repro/msg_base_full_ngboost/shard_outputs/shard_008/
DONE 2026-06-18 02:20:40 task=8
