START 2026-06-18 09:43:01 job=22699 task=15 CVD=0
0, NVIDIA A100-PCIE-40GB, 0 MiB, 0 %
Loading token model from /home/nikolenko/work/Projects/FRIGID/token_models/models/best_ngboost_MSG.joblib
Detected NGBoost model - will use sigma-based sampling
Loaded 14 features from /home/nikolenko/work/Projects/FRIGID/token_models/models/best_ngboost_MSG_features.json
Using device: cuda

Loading test split...
Loaded 478 total spectra-molecule pairs
Using 478 samples from test split

Loading MIST encoder from: repro_cache/mist_msg.pt
✓ Loaded MIST encoder weights

Loading DLM decoder from: repro_cache/DLM.ckpt
Using SHARED cross-attention mode
[load_model] Removed 120 fingerprint_conditioner.cross_attention_layers keys for shared mode
[DLM] Loading checkpoint with missing buffers (safe to skip): {'token_atom_counts'}
[Sampler] Warning: data/len.pk not found. Using default length range.
✓ Fingerprint conditioning: ENABLED
✓ Formula conditioning: ENABLED
Cross-attention mode: SHARED

======================================================================
SPEC2MOL BENCHMARK
======================================================================
Total spectra: 478
Formula matches required: 10
Max attempts: 100
Batch size: 16
Temperature: 1.0
Randomness: 10.0
FP threshold: 0.187
======================================================================


Saved aggregate statistics to: /home/nikolenko/work/Projects/FRIGID/repro_runs/20260616T203000Z_msg_paper_repro/msg_base_full_ngboost/shard_outputs/shard_015/aggregate_statistics.json
Saved detailed results to: /home/nikolenko/work/Projects/FRIGID/repro_runs/20260616T203000Z_msg_paper_repro/msg_base_full_ngboost/shard_outputs/shard_015/detailed_results.csv
Saved predictions to: /home/nikolenko/work/Projects/FRIGID/repro_runs/20260616T203000Z_msg_paper_repro/msg_base_full_ngboost/shard_outputs/shard_015/predictions.csv

======================================================================
BENCHMARK SUMMARY
======================================================================

Total spectra: 478
Time: 5500.7s
Speed: 0.09 spectra/s

--- Generation Timing ---
Time in generation functions: 5429.5s
Percentage of total time: 98.7%

--- MIST Encoder Quality ---
Mean Tanimoto (pred vs GT FP): 0.3815

--- Core Metrics ---
Exact Match Top-1: 5.65%
Exact Match Top-10: 7.74%
Tanimoto Top-1: 0.3214
Tanimoto Top-10: 0.3497

--- Formula Matching ---
Success rate: 98.74%
Never matched: 1.26%
Avg actual formula matches: 9.5
Avg predictions collected (incl. padding): 10.0
Avg generations: 84.5
Avg attempts per match (successful only): 13.5
======================================================================

Results saved to: /home/nikolenko/work/Projects/FRIGID/repro_runs/20260616T203000Z_msg_paper_repro/msg_base_full_ngboost/shard_outputs/shard_015/
DONE 2026-06-18 11:15:01 task=15
