START 2026-06-17 16:00:34 job=22682 task=3 CVD=0
0, NVIDIA A100-PCIE-40GB, 0 MiB, 0 %
Loading token model from /home/nikolenko/work/Projects/FRIGID/token_models/models/best_ngboost_MSG.joblib
Detected NGBoost model - will use sigma-based sampling
Loaded 14 features from /home/nikolenko/work/Projects/FRIGID/token_models/models/best_ngboost_MSG_features.json
Using device: cuda

Loading test split...
Loaded 500 total spectra-molecule pairs
Using 500 samples from test split

Loading MIST encoder from: repro_cache/mist_msg.pt
✓ Loaded MIST encoder weights

Loading DLM decoder from: repro_cache/DLM.ckpt
Using SHARED cross-attention mode
[load_model] Removed 120 fingerprint_conditioner.cross_attention_layers keys for shared mode
[DLM] Loading checkpoint with missing buffers (safe to skip): {'token_atom_counts'}
[Sampler] Warning: data/len.pk not found. Using default length range.
✓ Fingerprint conditioning: ENABLED
✓ Formula conditioning: ENABLED
Cross-attention mode: SHARED

======================================================================
SPEC2MOL BENCHMARK
======================================================================
Total spectra: 500
Formula matches required: 10
Max attempts: 100
Batch size: 16
Temperature: 1.0
Randomness: 10.0
FP threshold: 0.187
======================================================================


Saved aggregate statistics to: /home/nikolenko/work/Projects/FRIGID/repro_runs/20260616T203000Z_msg_paper_repro/msg_base_full_ngboost/shard_outputs/shard_003/aggregate_statistics.json
Saved detailed results to: /home/nikolenko/work/Projects/FRIGID/repro_runs/20260616T203000Z_msg_paper_repro/msg_base_full_ngboost/shard_outputs/shard_003/detailed_results.csv
Saved predictions to: /home/nikolenko/work/Projects/FRIGID/repro_runs/20260616T203000Z_msg_paper_repro/msg_base_full_ngboost/shard_outputs/shard_003/predictions.csv

======================================================================
BENCHMARK SUMMARY
======================================================================

Total spectra: 500
Time: 11178.5s
Speed: 0.04 spectra/s

--- Generation Timing ---
Time in generation functions: 11096.4s
Percentage of total time: 99.3%

--- MIST Encoder Quality ---
Mean Tanimoto (pred vs GT FP): 0.6208

--- Core Metrics ---
Exact Match Top-1: 17.40%
Exact Match Top-10: 22.60%
Tanimoto Top-1: 0.5954
Tanimoto Top-10: 0.6232

--- Formula Matching ---
Success rate: 94.40%
Never matched: 5.60%
Avg actual formula matches: 9.1
Avg predictions collected (incl. padding): 10.0
Avg generations: 88.3
Avg attempts per match (successful only): 18.3
======================================================================

Results saved to: /home/nikolenko/work/Projects/FRIGID/repro_runs/20260616T203000Z_msg_paper_repro/msg_base_full_ngboost/shard_outputs/shard_003/
DONE 2026-06-17 19:07:13 task=3
