START 2026-06-18 06:37:04 job=22694 task=12 CVD=0
0, NVIDIA A100-PCIE-40GB, 0 MiB, 1 %
Loading token model from /home/nikolenko/work/Projects/FRIGID/token_models/models/best_ngboost_MSG.joblib
Detected NGBoost model - will use sigma-based sampling
Loaded 14 features from /home/nikolenko/work/Projects/FRIGID/token_models/models/best_ngboost_MSG_features.json
Using device: cuda

Loading test split...
Loaded 491 total spectra-molecule pairs
Using 491 samples from test split

Loading MIST encoder from: repro_cache/mist_msg.pt
✓ Loaded MIST encoder weights

Loading DLM decoder from: repro_cache/DLM.ckpt
Using SHARED cross-attention mode
[load_model] Removed 120 fingerprint_conditioner.cross_attention_layers keys for shared mode
[DLM] Loading checkpoint with missing buffers (safe to skip): {'token_atom_counts'}
[Sampler] Warning: data/len.pk not found. Using default length range.
✓ Fingerprint conditioning: ENABLED
✓ Formula conditioning: ENABLED
Cross-attention mode: SHARED

======================================================================
SPEC2MOL BENCHMARK
======================================================================
Total spectra: 491
Formula matches required: 10
Max attempts: 100
Batch size: 16
Temperature: 1.0
Randomness: 10.0
FP threshold: 0.187
======================================================================


Saved aggregate statistics to: /home/nikolenko/work/Projects/FRIGID/repro_runs/20260616T203000Z_msg_paper_repro/msg_base_full_ngboost/shard_outputs/shard_012/aggregate_statistics.json
Saved detailed results to: /home/nikolenko/work/Projects/FRIGID/repro_runs/20260616T203000Z_msg_paper_repro/msg_base_full_ngboost/shard_outputs/shard_012/detailed_results.csv
Saved predictions to: /home/nikolenko/work/Projects/FRIGID/repro_runs/20260616T203000Z_msg_paper_repro/msg_base_full_ngboost/shard_outputs/shard_012/predictions.csv

======================================================================
BENCHMARK SUMMARY
======================================================================

Total spectra: 491
Time: 5950.4s
Speed: 0.08 spectra/s

--- Generation Timing ---
Time in generation functions: 5877.4s
Percentage of total time: 98.8%

--- MIST Encoder Quality ---
Mean Tanimoto (pred vs GT FP): 0.3983

--- Core Metrics ---
Exact Match Top-1: 6.52%
Exact Match Top-10: 7.94%
Tanimoto Top-1: 0.3445
Tanimoto Top-10: 0.3751

--- Formula Matching ---
Success rate: 99.39%
Never matched: 0.61%
Avg actual formula matches: 9.5
Avg predictions collected (incl. padding): 10.0
Avg generations: 83.4
Avg attempts per match (successful only): 13.3
======================================================================

Results saved to: /home/nikolenko/work/Projects/FRIGID/repro_runs/20260616T203000Z_msg_paper_repro/msg_base_full_ngboost/shard_outputs/shard_012/
DONE 2026-06-18 08:16:35 task=12
