/home/nikolenko/work/Projects/FRIGID/.venv/lib/python3.10/site-packages/transformers/utils/generic.py:260: FutureWarning: `torch.utils._pytree._register_pytree_node` is deprecated. Please use `torch.utils._pytree.register_pytree_node` instead.
  torch.utils._pytree._register_pytree_node(
/home/nikolenko/work/Projects/FRIGID/.venv/lib/python3.10/site-packages/transformers/utils/generic.py:260: FutureWarning: `torch.utils._pytree._register_pytree_node` is deprecated. Please use `torch.utils._pytree.register_pytree_node` instead.
  torch.utils._pytree._register_pytree_node(
Using bfloat16 Automatic Mixed Precision (AMP)
GPU available: True (cuda), used: True
TPU available: False, using: 0 TPU cores
HPU available: False, using: 0 HPUs
You are using a CUDA device ('NVIDIA A100 80GB PCIe') that has Tensor Cores. To properly utilize them, you should set `torch.set_float32_matmul_precision('medium' | 'high')` which will trade-off precision for performance. For more details, read https://pytorch.org/docs/stable/generated/torch.set_float32_matmul_precision.html#torch.set_float32_matmul_precision
LOCAL_RANK: 0 - CUDA_VISIBLE_DEVICES: [0]

  | Name                    | Type                                 | Params | Mode 
-----------------------------------------------------------------------------------------
0 | formula_conditioner     | CrossAttentionFormulaConditioner     | 38.8 M | train
1 | fingerprint_conditioner | CrossAttentionFingerprintConditioner | 13.3 M | train
2 | backbone                | BertForMaskedLMWithCrossAttention    | 157 M  | train
-----------------------------------------------------------------------------------------
170 M     Trainable params
0         Non-trainable params
170 M     Total params
682.509   Total estimated model params size (MB)
378       Modules in train mode
0         Modules in eval mode
Training: |          | 0/? [00:00<?, ?it/s]Training:   0%|          | 0/268 [00:00<?, ?it/s]Epoch 0:   0%|          | 0/268 [00:00<?, ?it/s] Epoch 0:   0%|          | 1/268 [00:01<04:31,  0.98it/s]Epoch 0:   0%|          | 1/268 [00:01<04:32,  0.98it/s, train_total_loss=0.776]Epoch 0:   1%|          | 2/268 [00:01<02:23,  1.85it/s, train_total_loss=0.776]Epoch 0:   1%|          | 2/268 [00:01<02:24,  1.84it/s, train_total_loss=0.838]Epoch 0:   1%|          | 2/268 [00:11<24:23,  0.18it/s, train_total_loss=0.838]`Trainer.fit` stopped: `max_steps=2` reached.
Epoch 0:   1%|          | 2/268 [00:11<24:23,  0.18it/s, train_total_loss=0.838]
