
Finding spectra files:   0%|          | 0/17556 [00:00<?, ?it/s]
Finding spectra files:  20%|██        | 3521/17556 [00:00<00:00, 35199.04it/s]
Finding spectra files:  40%|████      | 7080/17556 [00:00<00:00, 35426.67it/s]
Finding spectra files:  61%|██████    | 10652/17556 [00:00<00:00, 35557.83it/s]
Finding spectra files:  81%|████████  | 14215/17556 [00:00<00:00, 35585.76it/s]
                                                                               

0it [00:00, ?it/s]
17556it [00:00, 1215643.95it/s]

0it [00:00, ?it/s]
1033it [00:00, 10327.55it/s]
2066it [00:00, 9826.78it/s] 
3051it [00:00, 4767.11it/s]
4036it [00:00, 5962.01it/s]
5003it [00:00, 6892.98it/s]
5859it [00:00, 7326.81it/s]
7047it [00:00, 8572.15it/s]
8314it [00:01, 9723.60it/s]
9408it [00:01, 10071.63it/s]
10479it [00:01, 10086.82it/s]
11532it [00:01, 10020.41it/s]
12565it [00:01, 9779.69it/s] 
13565it [00:01, 9480.50it/s]
14530it [00:01, 9238.83it/s]
15466it [00:01, 9117.29it/s]
16404it [00:01, 9188.76it/s]
17329it [00:02, 8931.68it/s]
17556it [00:02, 8599.96it/s]

0it [00:00, ?it/s]
17556it [00:00, 5970099.00it/s]

Processing spectra:   0%|          | 0/16 [00:00<?, ?it/s]
Processing spectra:   6%|▋         | 1/16 [00:19<04:49, 19.30s/it]
Processing spectra:  12%|█▎        | 2/16 [00:36<04:13, 18.08s/it]
Processing spectra:  19%|█▉        | 3/16 [00:53<03:47, 17.53s/it]
Processing spectra:  25%|██▌       | 4/16 [01:20<04:15, 21.27s/it]
Processing spectra:  31%|███▏      | 5/16 [01:48<04:20, 23.68s/it]
Processing spectra:  38%|███▊      | 6/16 [02:13<04:03, 24.34s/it]
Processing spectra:  44%|████▍     | 7/16 [02:33<03:24, 22.72s/it]
Processing spectra:  50%|█████     | 8/16 [02:52<02:53, 21.64s/it]
Processing spectra:  56%|█████▋    | 9/16 [02:58<01:57, 16.75s/it]
Processing spectra:  62%|██████▎   | 10/16 [03:16<01:43, 17.19s/it]
Processing spectra:  69%|██████▉   | 11/16 [03:22<01:08, 13.71s/it]
Processing spectra:  75%|███████▌  | 12/16 [03:37<00:56, 14.07s/it]
Processing spectra:  81%|████████▏ | 13/16 [03:56<00:47, 15.67s/it]
Processing spectra:  88%|████████▊ | 14/16 [04:15<00:32, 16.46s/it]
Processing spectra:  94%|█████████▍| 15/16 [04:35<00:17, 17.71s/it]
Processing spectra: 100%|██████████| 16/16 [04:56<00:00, 18.49s/it]
Processing spectra: 100%|██████████| 16/16 [04:56<00:00, 18.51s/it]
